TN:
SF:src\app\app.component.ts
FNF:0
FNH:0
DA:8,1
DA:9,3
LF:2
LH:2
BRF:0
BRH:0
end_of_record
TN:
SF:src\app\common\cart-item.ts
FN:12,(anonymous_0)
FNF:1
FNH:1
FNDA:7,(anonymous_0)
DA:14,7
DA:15,7
DA:16,7
DA:17,7
DA:19,7
LF:5
LH:5
BRF:0
BRH:0
end_of_record
TN:
SF:src\app\common\order-item.ts
FN:10,(anonymous_0)
FNF:1
FNH:1
FNDA:1,(anonymous_0)
DA:12,1
DA:13,1
DA:14,1
DA:15,1
LF:4
LH:4
BRF:0
BRH:0
end_of_record
TN:
SF:src\app\common\product-category.ts
FN:1,(anonymous_0)
FNF:1
FNH:1
FNDA:1,(anonymous_0)
DA:5,1
LF:1
LH:1
BRF:0
BRH:0
end_of_record
TN:
SF:src\app\common\product.ts
FN:1,(anonymous_0)
FNF:1
FNH:1
FNDA:3,(anonymous_0)
DA:3,3
DA:4,3
DA:5,3
DA:6,3
DA:7,3
DA:8,3
DA:9,3
DA:10,3
DA:11,3
DA:12,3
LF:10
LH:10
BRF:0
BRH:0
end_of_record
TN:
SF:src\app\components\admin\admin.component.ts
FN:10,(anonymous_0)
FN:12,(anonymous_1)
FNF:2
FNH:2
FNDA:1,(anonymous_0)
FNDA:1,(anonymous_1)
DA:8,1
LF:1
LH:1
BRF:0
BRH:0
end_of_record
TN:
SF:src\app\components\cart-details\cart-details.component.ts
FN:16,(anonymous_0)
FN:18,(anonymous_1)
FN:23,(anonymous_2)
FN:31,(anonymous_3)
FN:37,(anonymous_4)
FN:44,(anonymous_5)
FN:49,(anonymous_6)
FN:54,(anonymous_7)
FNF:8
FNH:5
FNDA:1,(anonymous_0)
FNDA:1,(anonymous_1)
FNDA:1,(anonymous_2)
FNDA:2,(anonymous_3)
FNDA:2,(anonymous_4)
FNDA:0,(anonymous_5)
FNDA:0,(anonymous_6)
FNDA:0,(anonymous_7)
DA:10,1
DA:12,1
DA:13,1
DA:14,1
DA:16,1
DA:20,1
DA:26,1
DA:29,1
DA:31,2
DA:35,1
DA:37,2
DA:41,1
DA:46,0
DA:51,0
DA:56,0
LF:15
LH:12
BRF:0
BRH:0
end_of_record
TN:
SF:src\app\components\cart-status\cart-status.component.ts
FN:14,(anonymous_0)
FN:16,(anonymous_1)
FN:21,(anonymous_2)
FN:26,(anonymous_3)
FN:32,(anonymous_4)
FNF:5
FNH:5
FNDA:1,(anonymous_0)
FNDA:1,(anonymous_1)
FNDA:1,(anonymous_2)
FNDA:1,(anonymous_3)
FNDA:1,(anonymous_4)
DA:9,1
DA:11,1
DA:12,1
DA:14,1
DA:18,1
DA:24,1
DA:26,1
DA:30,1
DA:32,1
LF:9
LH:9
BRF:0
BRH:0
end_of_record
TN:
SF:src\app\components\members-page\members-page.component.ts
FN:10,(anonymous_0)
FN:12,(anonymous_1)
FNF:2
FNH:2
FNDA:1,(anonymous_0)
FNDA:1,(anonymous_1)
DA:8,1
LF:1
LH:1
BRF:0
BRH:0
end_of_record
TN:
SF:src\app\components\order-history\order-history.component.ts
FN:15,(anonymous_0)
FN:17,(anonymous_1)
FN:21,(anonymous_2)
FN:29,(anonymous_3)
FNF:4
FNH:4
FNDA:1,(anonymous_0)
FNDA:1,(anonymous_1)
FNDA:1,(anonymous_2)
FNDA:1,(anonymous_3)
DA:10,1
DA:12,1
DA:13,1
DA:15,1
DA:19,1
DA:24,1
DA:27,1
DA:30,1
LF:8
LH:8
BRF:0
BRH:0
end_of_record
TN:
SF:src\app\components\product-category-menu\product-category-menu.component.ts
FN:14,(anonymous_0)
FN:16,(anonymous_1)
FN:20,(anonymous_2)
FN:23,(anonymous_3)
FNF:4
FNH:4
FNDA:1,(anonymous_0)
FNDA:1,(anonymous_1)
FNDA:1,(anonymous_2)
FNDA:1,(anonymous_3)
DA:10,1
DA:14,1
DA:17,1
DA:22,1
DA:24,1
DA:25,1
LF:6
LH:6
BRF:0
BRH:0
end_of_record
TN:
SF:src\app\components\product-details\product-details.component.ts
FN:17,(anonymous_0)
FN:21,(anonymous_1)
FN:23,(anonymous_2)
FN:29,(anonymous_3)
FN:36,(anonymous_4)
FN:42,(anonymous_5)
FNF:6
FNH:4
FNDA:1,(anonymous_0)
FNDA:1,(anonymous_1)
FNDA:1,(anonymous_2)
FNDA:1,(anonymous_3)
FNDA:0,(anonymous_4)
FNDA:0,(anonymous_5)
DA:13,1
DA:16,1
DA:17,1
DA:18,1
DA:19,1
DA:23,1
DA:25,1
DA:32,1
DA:35,0
DA:37,0
DA:44,0
DA:46,0
DA:47,0
LF:13
LH:8
BRF:0
BRH:0
end_of_record
TN:
SF:src\app\components\product-list\product-list.component.ts
FN:28,(anonymous_0)
FN:32,(anonymous_1)
FN:34,(anonymous_2)
FN:39,(anonymous_3)
FN:53,(anonymous_4)
FN:75,(anonymous_5)
FN:115,(anonymous_6)
FN:117,(anonymous_7)
FN:125,(anonymous_8)
FN:132,(anonymous_9)
FNF:10
FNH:4
FNDA:1,(anonymous_0)
FNDA:1,(anonymous_1)
FNDA:1,(anonymous_2)
FNDA:1,(anonymous_3)
FNDA:0,(anonymous_4)
FNDA:0,(anonymous_5)
FNDA:0,(anonymous_6)
FNDA:0,(anonymous_7)
FNDA:0,(anonymous_8)
FNDA:0,(anonymous_9)
DA:13,1
DA:15,1
DA:16,1
DA:17,1
DA:18,1
DA:19,1
DA:22,1
DA:23,1
DA:24,1
DA:26,1
DA:28,1
DA:29,1
DA:30,1
DA:34,1
DA:35,1
DA:41,1
DA:43,0
DA:45,0
DA:49,0
DA:55,0
DA:60,0
DA:62,0
DA:65,0
DA:67,0
DA:70,0
DA:78,0
DA:80,0
DA:82,0
DA:85,0
DA:89,0
DA:90,0
DA:100,0
DA:101,0
DA:104,0
DA:106,0
DA:109,0
DA:117,0
DA:118,0
DA:119,0
DA:120,0
DA:121,0
DA:127,0
DA:128,0
DA:129,0
DA:134,0
DA:137,0
DA:139,0
LF:47
LH:16
BRDA:43,0,0,0
BRDA:43,0,1,0
BRDA:60,1,0,0
BRDA:80,2,0,0
BRDA:80,2,1,0
BRDA:100,3,0,0
BRF:6
BRH:0
end_of_record
TN:
SF:src\app\components\search\search.component.ts
FN:11,(anonymous_0)
FN:13,(anonymous_1)
FN:16,(anonymous_2)
FNF:3
FNH:2
FNDA:1,(anonymous_0)
FNDA:1,(anonymous_1)
FNDA:0,(anonymous_2)
DA:9,1
DA:11,1
DA:18,0
DA:19,0
LF:4
LH:2
BRF:0
BRH:0
end_of_record
TN:
SF:src\app\services\auth-interceptor.service.ts
FN:13,(anonymous_0)
FN:15,(anonymous_1)
FN:20,(anonymous_2)
FN:26,(anonymous_3)
FNF:4
FNH:1
FNDA:1,(anonymous_0)
FNDA:0,(anonymous_1)
FNDA:0,(anonymous_2)
FNDA:0,(anonymous_3)
DA:11,1
DA:13,1
DA:17,0
DA:23,0
DA:24,0
DA:26,0
DA:29,0
DA:32,0
DA:39,0
LF:9
LH:2
BRDA:26,0,0,0
BRF:1
BRH:0
end_of_record
TN:
SF:src\app\services\cart.service.ts
FN:19,(anonymous_0)
FN:32,(anonymous_1)
FN:41,(anonymous_2)
FN:63,(anonymous_3)
FN:85,(anonymous_4)
FN:90,(anonymous_5)
FN:103,(anonymous_6)
FN:116,(anonymous_7)
FN:119,(anonymous_8)
FNF:9
FNH:9
FNDA:8,(anonymous_0)
FNDA:7,(anonymous_1)
FNDA:2,(anonymous_2)
FNDA:22,(anonymous_3)
FNDA:22,(anonymous_4)
FNDA:22,(anonymous_5)
FNDA:1,(anonymous_6)
FNDA:5,(anonymous_7)
FNDA:5,(anonymous_8)
DA:9,1
DA:11,8
DA:13,8
DA:14,8
DA:16,8
DA:22,8
DA:24,8
DA:25,8
DA:28,8
DA:35,7
DA:36,7
DA:38,7
DA:41,2
DA:44,2
DA:48,7
DA:50,2
DA:55,5
DA:59,7
DA:65,22
DA:66,22
DA:68,22
DA:70,8
DA:71,8
DA:75,22
DA:76,22
DA:79,22
DA:82,22
DA:87,22
DA:92,22
DA:93,22
DA:95,8
DA:96,8
DA:99,22
DA:100,22
DA:105,1
DA:107,1
DA:109,0
DA:110,0
DA:113,1
DA:119,5
DA:122,5
DA:124,5
DA:126,5
LF:43
LH:41
BRDA:24,0,0,8
BRDA:38,1,0,2
BRDA:48,2,0,2
BRDA:48,2,1,5
BRDA:107,3,0,0
BRDA:107,3,1,1
BRDA:122,4,0,5
BRF:7
BRH:6
end_of_record
TN:
SF:src\app\services\checkout.service.ts
FN:18,(anonymous_0)
FN:20,(anonymous_1)
FN:25,(anonymous_2)
FNF:3
FNH:1
FNDA:1,(anonymous_0)
FNDA:0,(anonymous_1)
FNDA:0,(anonymous_2)
DA:12,1
DA:14,1
DA:16,1
DA:18,1
DA:22,0
DA:27,0
LF:6
LH:4
BRF:0
BRH:0
end_of_record
TN:
SF:src\app\services\luv2-shop-form.service.ts
FN:17,(anonymous_0)
FN:19,(anonymous_1)
FN:23,(anonymous_2)
FN:27,(anonymous_3)
FN:34,(anonymous_4)
FN:38,(anonymous_5)
FN:53,(anonymous_6)
FNF:7
FNH:7
FNDA:8,(anonymous_0)
FNDA:2,(anonymous_1)
FNDA:1,(anonymous_2)
FNDA:2,(anonymous_3)
FNDA:1,(anonymous_4)
FNDA:2,(anonymous_5)
FNDA:1,(anonymous_6)
DA:12,1
DA:14,8
DA:15,8
DA:17,8
DA:21,2
DA:23,1
DA:30,2
DA:32,2
DA:34,1
DA:41,2
DA:45,2
DA:47,22
DA:50,2
DA:55,1
DA:59,1
DA:60,1
DA:62,1
DA:64,11
DA:67,1
LF:19
LH:19
BRF:0
BRH:0
end_of_record
TN:
SF:src\app\services\order-history.service.ts
FN:14,(anonymous_0)
FN:16,(anonymous_1)
FNF:2
FNH:1
FNDA:1,(anonymous_0)
FNDA:0,(anonymous_1)
DA:10,1
DA:12,1
DA:14,1
DA:19,0
DA:21,0
LF:5
LH:3
BRF:0
BRH:0
end_of_record
TN:
SF:src\app\services\product.service.ts
FN:17,(anonymous_0)
FN:19,(anonymous_1)
FN:27,(anonymous_2)
FN:40,(anonymous_3)
FN:48,(anonymous_4)
FN:56,(anonymous_5)
FN:67,(anonymous_6)
FN:69,(anonymous_7)
FN:73,(anonymous_8)
FN:77,(anonymous_9)
FNF:10
FNH:2
FNDA:3,(anonymous_0)
FNDA:2,(anonymous_1)
FNDA:0,(anonymous_2)
FNDA:0,(anonymous_3)
FNDA:0,(anonymous_4)
FNDA:0,(anonymous_5)
FNDA:0,(anonymous_6)
FNDA:0,(anonymous_7)
FNDA:0,(anonymous_8)
FNDA:0,(anonymous_9)
DA:12,1
DA:14,3
DA:15,3
DA:17,3
DA:22,2
DA:24,2
DA:32,0
DA:35,0
DA:37,0
DA:43,0
DA:45,0
DA:51,0
DA:53,0
DA:61,0
DA:64,0
DA:68,0
DA:69,0
DA:76,0
DA:77,0
LF:19
LH:6
BRF:0
BRH:0
end_of_record
TN:
SF:src\app\validators\luv2-shop-validators.ts
FN:6,(anonymous_0)
FNF:1
FNH:0
FNDA:0,(anonymous_0)
DA:9,0
DA:12,0
DA:16,0
LF:3
LH:0
BRDA:9,0,0,0
BRDA:9,0,1,0
BRDA:9,1,0,0
BRDA:9,1,1,0
BRF:4
BRH:0
end_of_record
TN:
SF:src\environments\environment.ts
FNF:0
FNH:0
DA:5,1
LF:1
LH:1
BRF:0
BRH:0
end_of_record
